生成启动时间为 2021/11/5 10:01:23。
     1>项目“E:\Amazing2021\VS2010 Practice\AddCalcu\AddCalcu\AddCalcu.vcxproj”在节点 2 上(build 个目标)。
     1>InitializeBuildStatus:
         正在创建“Debug\AddCalcu.unsuccessfulbuild”，因为已指定“AlwaysCreate”。
       ClCompile:
         所有输出均为最新。
         E:\Microsoft Visual Studio 10.0\VC\bin\CL.exe /c /ZI /nologo /W3 /WX- /Od /Oy- /D WIN32 /D _WINDOWS /D _DEBUG /D _UNICODE /D UNICODE /D _AFXDLL /Gm /EHsc /RTC1 /MDd /GS /fp:precise /Zc:wchar_t /Zc:forScope /Yu"StdAfx.h" /Fp"Debug\AddCalcu.pch" /Fo"Debug\\" /Fd"Debug\vc100.pdb" /Gd /TP /analyze- /errorReport:prompt AddCalcu.cpp AddCalcuDlg.cpp TipDlg.cpp
         TipDlg.cpp
         AddCalcuDlg.cpp
         正在生成代码...
         正在编译...
         AddCalcu.cpp
         正在生成代码...
       ResourceCompile:
         C:\Program Files (x86)\Microsoft SDKs\Windows\v7.0A\bin\rc.exe /D _DEBUG /D _UNICODE /D UNICODE /D _AFXDLL /l"0x0804" /IDebug\ /nologo /fo"Debug\AddCalcu.res" AddCalcu.rc 
       ManifestResourceCompile:
         所有输出均为最新。
       Link:
         E:\Microsoft Visual Studio 10.0\VC\bin\link.exe /ERRORREPORT:PROMPT /OUT:"E:\Amazing2021\VS2010 Practice\AddCalcu\Debug\AddCalcu.exe" /INCREMENTAL /NOLOGO /MANIFEST /ManifestFile:"Debug\AddCalcu.exe.intermediate.manifest" /MANIFESTUAC:"level='asInvoker' uiAccess='false'" /DEBUG /PDB:"E:\Amazing2021\VS2010 Practice\AddCalcu\Debug\AddCalcu.pdb" /SUBSYSTEM:WINDOWS /TLBID:1 /ENTRY:"wWinMainCRTStartup" /DYNAMICBASE /NXCOMPAT /IMPLIB:"E:\Amazing2021\VS2010 Practice\AddCalcu\Debug\AddCalcu.lib" /MACHINE:X86 Debug\AddCalcu.res
         Debug\AddCalcu.exe.embed.manifest.res
         Debug\AddCalcu.obj
         Debug\AddCalcuDlg.obj
         Debug\stdafx.obj
         Debug\TipDlg.obj
       Manifest:
         C:\Program Files (x86)\Microsoft SDKs\Windows\v7.0A\bin\mt.exe /nologo /verbose /out:"Debug\AddCalcu.exe.embed.manifest" /manifest Debug\AddCalcu.exe.intermediate.manifest "E:\Microsoft Visual Studio 10.0\VC\Include\Manifest\dpiaware.manifest"
         所有输出均为最新。
       LinkEmbedManifest:
         所有输出均为最新。
         AddCalcu.vcxproj -> E:\Amazing2021\VS2010 Practice\AddCalcu\Debug\AddCalcu.exe
       FinalizeBuildStatus:
         正在删除文件“Debug\AddCalcu.unsuccessfulbuild”。
         正在对“Debug\AddCalcu.lastbuildstate”执行 Touch 任务。
     1>已完成生成项目“E:\Amazing2021\VS2010 Practice\AddCalcu\AddCalcu\AddCalcu.vcxproj”(build 个目标)的操作。

生成成功。

已用时间 00:00:00.68
